-------------------------------------------------------------------------------
Test set: com.herokuapp.tests.BrokenImagesTest
-------------------------------------------------------------------------------
Tests run: 1, Failures: 1, Errors: 0, Skipped: 0, Time elapsed: 8.461 sec <<< FAILURE! - in com.herokuapp.tests.BrokenImagesTest
BrokenImages(com.herokuapp.tests.BrokenImagesTest)  Time elapsed: 2.718 sec  <<< FAILURE!
java.lang.AssertionError: expected:<true> but was:<false>
	at com.herokuapp.tests.BrokenImagesTest.BrokenImages(BrokenImagesTest.java:34)

