<?xml version="1.0" encoding="UTF-8"?>
<testng-results skipped="0" failed="0" total="1" passed="1">
  <reporter-output>
  </reporter-output>
  <suite name="Surefire suite" duration-ms="10255" started-at="2016-07-20T13:25:48Z" finished-at="2016-07-20T13:25:58Z">
    <groups>
    </groups>
    <test name="Surefire test" duration-ms="10255" started-at="2016-07-20T13:25:48Z" finished-at="2016-07-20T13:25:58Z">
      <class name="com.herokuapp.tests.TinyMceTest">
        <test-method status="PASS" signature="setUpLocal(java.lang.String)[pri:0, instance:com.herokuapp.tests.TinyMceTest@7f690630]" name="setUpLocal" is-config="true" duration-ms="5384" started-at="2016-07-20T13:25:48Z" finished-at="2016-07-20T13:25:53Z">
          <params>
            <param index="0">
              <value>
                <![CDATA[firefox]]>
              </value>
            </param>
          </params>
        </test-method>
        <test-method status="PASS" signature="TinyMce()[pri:0, instance:com.herokuapp.tests.TinyMceTest@7f690630]" name="TinyMce" duration-ms="4768" started-at="2016-07-20T13:25:53Z" finished-at="2016-07-20T13:25:58Z">
        </test-method>
        <test-method status="PASS" signature="close()[pri:0, instance:com.herokuapp.tests.TinyMceTest@7f690630]" name="close" is-config="true" duration-ms="86" started-at="2016-07-20T13:25:58Z" finished-at="2016-07-20T13:25:58Z">
        </test-method>
      </class>
    </test>
  </suite>
</testng-results>
